c:\users\pilar\onedrive\desktop\parcial2-grupo4\parcial2-grupo4\debug\vc142.pdb
c:\users\pilar\onedrive\desktop\parcial2-grupo4\parcial2-grupo4\debug\vc142.idb
c:\users\pilar\onedrive\desktop\parcial2-grupo4\parcial2-grupo4\debug\vista.obj
c:\users\pilar\onedrive\desktop\parcial2-grupo4\parcial2-grupo4\debug\vertices.obj
c:\users\pilar\onedrive\desktop\parcial2-grupo4\parcial2-grupo4\debug\validacion.obj
c:\users\pilar\onedrive\desktop\parcial2-grupo4\parcial2-grupo4\debug\utiles.obj
c:\users\pilar\onedrive\desktop\parcial2-grupo4\parcial2-grupo4\debug\main.obj
c:\users\pilar\onedrive\desktop\parcial2-grupo4\parcial2-grupo4\debug\graph.obj
c:\users\pilar\onedrive\desktop\parcial2-grupo4\parcial2-grupo4\debug\gestorarchivos.obj
c:\users\pilar\onedrive\desktop\parcial2-grupo4\parcial2-grupo4\debug\disjointsets.obj
c:\users\pilar\onedrive\desktop\parcial2-grupo4\parcial2-grupo4\debug\controladora.obj
c:\users\pilar\onedrive\desktop\parcial2-grupo4\debug\parcial2-grupo4.pdb
c:\users\pilar\onedrive\desktop\parcial2-grupo4\debug\parcial2-grupo4.exe
c:\users\pilar\onedrive\desktop\parcial2-grupo4\debug\parcial2-grupo4.ilk
c:\users\pilar\onedrive\desktop\parcial2-grupo4\parcial2-grupo4\debug\parcial2-grupo4.tlog\cl.command.1.tlog
c:\users\pilar\onedrive\desktop\parcial2-grupo4\parcial2-grupo4\debug\parcial2-grupo4.tlog\cl.read.1.tlog
c:\users\pilar\onedrive\desktop\parcial2-grupo4\parcial2-grupo4\debug\parcial2-grupo4.tlog\cl.write.1.tlog
c:\users\pilar\onedrive\desktop\parcial2-grupo4\parcial2-grupo4\debug\parcial2-grupo4.tlog\link.command.1.tlog
c:\users\pilar\onedrive\desktop\parcial2-grupo4\parcial2-grupo4\debug\parcial2-grupo4.tlog\link.read.1.tlog
c:\users\pilar\onedrive\desktop\parcial2-grupo4\parcial2-grupo4\debug\parcial2-grupo4.tlog\link.write.1.tlog
